The system is: Linux - 4.14.79-v7+ - armv7l
Compiling the C compiler identification source file "CMakeCCompilerId.c" succeeded.
Compiler: /usr/bin/cc 
Build flags: 
Id flags: 

The output was:
0


Compilation of the C compiler identification source "CMakeCCompilerId.c" produced "a.out"

The C compiler identification is GNU, found in "/home/pi/inference_engine_vpu_arm/deployment_tools/inference_engine/samples/build/CMakeFiles/3.7.2/CompilerIdC/a.out"

Compiling the CXX compiler identification source file "CMakeCXXCompilerId.cpp" succeeded.
Compiler: /usr/bin/c++ 
Build flags: -march=armv7-a
Id flags: 

The output was:
0


Compilation of the CXX compiler identification source "CMakeCXXCompilerId.cpp" produced "a.out"

The CXX compiler identification is GNU, found in "/home/pi/inference_engine_vpu_arm/deployment_tools/inference_engine/samples/build/CMakeFiles/3.7.2/CompilerIdCXX/a.out"

Determining if the C compiler works passed with the following output:
Change Dir: /home/pi/inference_engine_vpu_arm/deployment_tools/inference_engine/samples/build/CMakeFiles/CMakeTmp

Run Build Command:"/usr/bin/make" "cmTC_c3356/fast"
/usr/bin/make -f CMakeFiles/cmTC_c3356.dir/build.make CMakeFiles/cmTC_c3356.dir/build
make[1]: Entering directory '/home/pi/inference_engine_vpu_arm/deployment_tools/inference_engine/samples/build/CMakeFiles/CMakeTmp'
Building C object CMakeFiles/cmTC_c3356.dir/testCCompiler.c.o
/usr/bin/cc     -o CMakeFiles/cmTC_c3356.dir/testCCompiler.c.o   -c /home/pi/inference_engine_vpu_arm/deployment_tools/inference_engine/samples/build/CMakeFiles/CMakeTmp/testCCompiler.c
Linking C executable cmTC_c3356
/usr/bin/cmake -E cmake_link_script CMakeFiles/cmTC_c3356.dir/link.txt --verbose=1
/usr/bin/cc       CMakeFiles/cmTC_c3356.dir/testCCompiler.c.o  -o cmTC_c3356 -rdynamic 
make[1]: Leaving directory '/home/pi/inference_engine_vpu_arm/deployment_tools/inference_engine/samples/build/CMakeFiles/CMakeTmp'


Detecting C compiler ABI info compiled with the following output:
Change Dir: /home/pi/inference_engine_vpu_arm/deployment_tools/inference_engine/samples/build/CMakeFiles/CMakeTmp

Run Build Command:"/usr/bin/make" "cmTC_607ba/fast"
/usr/bin/make -f CMakeFiles/cmTC_607ba.dir/build.make CMakeFiles/cmTC_607ba.dir/build
make[1]: Entering directory '/home/pi/inference_engine_vpu_arm/deployment_tools/inference_engine/samples/build/CMakeFiles/CMakeTmp'
Building C object CMakeFiles/cmTC_607ba.dir/CMakeCCompilerABI.c.o
/usr/bin/cc     -o CMakeFiles/cmTC_607ba.dir/CMakeCCompilerABI.c.o   -c /usr/share/cmake-3.7/Modules/CMakeCCompilerABI.c
Linking C executable cmTC_607ba
/usr/bin/cmake -E cmake_link_script CMakeFiles/cmTC_607ba.dir/link.txt --verbose=1
/usr/bin/cc      -v CMakeFiles/cmTC_607ba.dir/CMakeCCompilerABI.c.o  -o cmTC_607ba -rdynamic  
Using built-in specs.
COLLECT_GCC=/usr/bin/cc
COLLECT_LTO_WRAPPER=/usr/lib/gcc/arm-linux-gnueabihf/6/lto-wrapper
Target: arm-linux-gnueabihf
Configured with: ../src/configure -v --with-pkgversion='Raspbian 6.3.0-18+rpi1+deb9u1' --with-bugurl=file:///usr/share/doc/gcc-6/README.Bugs --enable-languages=c,ada,c++,java,go,d,fortran,objc,obj-c++ --prefix=/usr --program-suffix=-6 --program-prefix=arm-linux-gnueabihf- --enable-shared --enable-linker-build-id --libexecdir=/usr/lib --without-included-gettext --enable-threads=posix --libdir=/usr/lib --enable-nls --with-sysroot=/ --enable-clocale=gnu --enable-libstdcxx-debug --enable-libstdcxx-time=yes --with-default-libstdcxx-abi=new --enable-gnu-unique-object --disable-libitm --disable-libquadmath --enable-plugin --with-system-zlib --disable-browser-plugin --enable-java-awt=gtk --enable-gtk-cairo --with-java-home=/usr/lib/jvm/java-1.5.0-gcj-6-armhf/jre --enable-java-home --with-jvm-root-dir=/usr/lib/jvm/java-1.5.0-gcj-6-armhf --with-jvm-jar-dir=/usr/lib/jvm-exports/java-1.5.0-gcj-6-armhf --with-arch-directory=arm --with-ecj-jar=/usr/share/java/eclipse-ecj.jar --with-target-system-zlib --enable-objc-gc=auto --enable-multiarch --disable-sjlj-exceptions --with-arch=armv6 --with-fpu=vfp --with-float=hard --enable-checking=release --build=arm-linux-gnueabihf --host=arm-linux-gnueabihf --target=arm-linux-gnueabihf
Thread model: posix
gcc version 6.3.0 20170516 (Raspbian 6.3.0-18+rpi1+deb9u1) 
COMPILER_PATH=/usr/lib/gcc/arm-linux-gnueabihf/6/:/usr/lib/gcc/arm-linux-gnueabihf/6/:/usr/lib/gcc/arm-linux-gnueabihf/:/usr/lib/gcc/arm-linux-gnueabihf/6/:/usr/lib/gcc/arm-linux-gnueabihf/
LIBRARY_PATH=/usr/lib/gcc/arm-linux-gnueabihf/6/:/usr/lib/gcc/arm-linux-gnueabihf/6/../../../arm-linux-gnueabihf/:/usr/lib/gcc/arm-linux-gnueabihf/6/../../../:/lib/arm-linux-gnueabihf/:/lib/:/usr/lib/arm-linux-gnueabihf/:/usr/lib/
COLLECT_GCC_OPTIONS='-v' '-o' 'cmTC_607ba' '-rdynamic' '-march=armv6' '-mfloat-abi=hard' '-mfpu=vfp' '-mtls-dialect=gnu'
 /usr/lib/gcc/arm-linux-gnueabihf/6/collect2 -plugin /usr/lib/gcc/arm-linux-gnueabihf/6/liblto_plugin.so -plugin-opt=/usr/lib/gcc/arm-linux-gnueabihf/6/lto-wrapper -plugin-opt=-fresolution=/tmp/ccjfEAEW.res -plugin-opt=-pass-through=-lgcc -plugin-opt=-pass-through=-lgcc_s -plugin-opt=-pass-through=-lc -plugin-opt=-pass-through=-lgcc -plugin-opt=-pass-through=-lgcc_s --sysroot=/ --build-id --eh-frame-hdr -export-dynamic -dynamic-linker /lib/ld-linux-armhf.so.3 -X --hash-style=gnu -m armelf_linux_eabi -o cmTC_607ba /usr/lib/gcc/arm-linux-gnueabihf/6/../../../arm-linux-gnueabihf/crt1.o /usr/lib/gcc/arm-linux-gnueabihf/6/../../../arm-linux-gnueabihf/crti.o /usr/lib/gcc/arm-linux-gnueabihf/6/crtbegin.o -L/usr/lib/gcc/arm-linux-gnueabihf/6 -L/usr/lib/gcc/arm-linux-gnueabihf/6/../../../arm-linux-gnueabihf -L/usr/lib/gcc/arm-linux-gnueabihf/6/../../.. -L/lib/arm-linux-gnueabihf -L/usr/lib/arm-linux-gnueabihf CMakeFiles/cmTC_607ba.dir/CMakeCCompilerABI.c.o -lgcc --as-needed -lgcc_s --no-as-needed -lc -lgcc --as-needed -lgcc_s --no-as-needed /usr/lib/gcc/arm-linux-gnueabihf/6/crtend.o /usr/lib/gcc/arm-linux-gnueabihf/6/../../../arm-linux-gnueabihf/crtn.o
COLLECT_GCC_OPTIONS='-v' '-o' 'cmTC_607ba' '-rdynamic' '-march=armv6' '-mfloat-abi=hard' '-mfpu=vfp' '-mtls-dialect=gnu'
make[1]: Leaving directory '/home/pi/inference_engine_vpu_arm/deployment_tools/inference_engine/samples/build/CMakeFiles/CMakeTmp'


Parsed C implicit link information from above output:
  link line regex: [^( *|.*[/\])(ld|([^/\]+-)?ld|collect2)[^/\]*( |$)]
  ignore line: [Change Dir: /home/pi/inference_engine_vpu_arm/deployment_tools/inference_engine/samples/build/CMakeFiles/CMakeTmp]
  ignore line: []
  ignore line: [Run Build Command:"/usr/bin/make" "cmTC_607ba/fast"]
  ignore line: [/usr/bin/make -f CMakeFiles/cmTC_607ba.dir/build.make CMakeFiles/cmTC_607ba.dir/build]
  ignore line: [make[1]: Entering directory '/home/pi/inference_engine_vpu_arm/deployment_tools/inference_engine/samples/build/CMakeFiles/CMakeTmp']
  ignore line: [Building C object CMakeFiles/cmTC_607ba.dir/CMakeCCompilerABI.c.o]
  ignore line: [/usr/bin/cc     -o CMakeFiles/cmTC_607ba.dir/CMakeCCompilerABI.c.o   -c /usr/share/cmake-3.7/Modules/CMakeCCompilerABI.c]
  ignore line: [Linking C executable cmTC_607ba]
  ignore line: [/usr/bin/cmake -E cmake_link_script CMakeFiles/cmTC_607ba.dir/link.txt --verbose=1]
  ignore line: [/usr/bin/cc      -v CMakeFiles/cmTC_607ba.dir/CMakeCCompilerABI.c.o  -o cmTC_607ba -rdynamic  ]
  ignore line: [Using built-in specs.]
  ignore line: [COLLECT_GCC=/usr/bin/cc]
  ignore line: [COLLECT_LTO_WRAPPER=/usr/lib/gcc/arm-linux-gnueabihf/6/lto-wrapper]
  ignore line: [Target: arm-linux-gnueabihf]
  ignore line: [Configured with: ../src/configure -v --with-pkgversion='Raspbian 6.3.0-18+rpi1+deb9u1' --with-bugurl=file:///usr/share/doc/gcc-6/README.Bugs --enable-languages=c,ada,c++,java,go,d,fortran,objc,obj-c++ --prefix=/usr --program-suffix=-6 --program-prefix=arm-linux-gnueabihf- --enable-shared --enable-linker-build-id --libexecdir=/usr/lib --without-included-gettext --enable-threads=posix --libdir=/usr/lib --enable-nls --with-sysroot=/ --enable-clocale=gnu --enable-libstdcxx-debug --enable-libstdcxx-time=yes --with-default-libstdcxx-abi=new --enable-gnu-unique-object --disable-libitm --disable-libquadmath --enable-plugin --with-system-zlib --disable-browser-plugin --enable-java-awt=gtk --enable-gtk-cairo --with-java-home=/usr/lib/jvm/java-1.5.0-gcj-6-armhf/jre --enable-java-home --with-jvm-root-dir=/usr/lib/jvm/java-1.5.0-gcj-6-armhf --with-jvm-jar-dir=/usr/lib/jvm-exports/java-1.5.0-gcj-6-armhf --with-arch-directory=arm --with-ecj-jar=/usr/share/java/eclipse-ecj.jar --with-target-system-zlib --enable-objc-gc=auto --enable-multiarch --disable-sjlj-exceptions --with-arch=armv6 --with-fpu=vfp --with-float=hard --enable-checking=release --build=arm-linux-gnueabihf --host=arm-linux-gnueabihf --target=arm-linux-gnueabihf]
  ignore line: [Thread model: posix]
  ignore line: [gcc version 6.3.0 20170516 (Raspbian 6.3.0-18+rpi1+deb9u1) ]
  ignore line: [COMPILER_PATH=/usr/lib/gcc/arm-linux-gnueabihf/6/:/usr/lib/gcc/arm-linux-gnueabihf/6/:/usr/lib/gcc/arm-linux-gnueabihf/:/usr/lib/gcc/arm-linux-gnueabihf/6/:/usr/lib/gcc/arm-linux-gnueabihf/]
  ignore line: [LIBRARY_PATH=/usr/lib/gcc/arm-linux-gnueabihf/6/:/usr/lib/gcc/arm-linux-gnueabihf/6/../../../arm-linux-gnueabihf/:/usr/lib/gcc/arm-linux-gnueabihf/6/../../../:/lib/arm-linux-gnueabihf/:/lib/:/usr/lib/arm-linux-gnueabihf/:/usr/lib/]
  ignore line: [COLLECT_GCC_OPTIONS='-v' '-o' 'cmTC_607ba' '-rdynamic' '-march=armv6' '-mfloat-abi=hard' '-mfpu=vfp' '-mtls-dialect=gnu']
  link line: [ /usr/lib/gcc/arm-linux-gnueabihf/6/collect2 -plugin /usr/lib/gcc/arm-linux-gnueabihf/6/liblto_plugin.so -plugin-opt=/usr/lib/gcc/arm-linux-gnueabihf/6/lto-wrapper -plugin-opt=-fresolution=/tmp/ccjfEAEW.res -plugin-opt=-pass-through=-lgcc -plugin-opt=-pass-through=-lgcc_s -plugin-opt=-pass-through=-lc -plugin-opt=-pass-through=-lgcc -plugin-opt=-pass-through=-lgcc_s --sysroot=/ --build-id --eh-frame-hdr -export-dynamic -dynamic-linker /lib/ld-linux-armhf.so.3 -X --hash-style=gnu -m armelf_linux_eabi -o cmTC_607ba /usr/lib/gcc/arm-linux-gnueabihf/6/../../../arm-linux-gnueabihf/crt1.o /usr/lib/gcc/arm-linux-gnueabihf/6/../../../arm-linux-gnueabihf/crti.o /usr/lib/gcc/arm-linux-gnueabihf/6/crtbegin.o -L/usr/lib/gcc/arm-linux-gnueabihf/6 -L/usr/lib/gcc/arm-linux-gnueabihf/6/../../../arm-linux-gnueabihf -L/usr/lib/gcc/arm-linux-gnueabihf/6/../../.. -L/lib/arm-linux-gnueabihf -L/usr/lib/arm-linux-gnueabihf CMakeFiles/cmTC_607ba.dir/CMakeCCompilerABI.c.o -lgcc --as-needed -lgcc_s --no-as-needed -lc -lgcc --as-needed -lgcc_s --no-as-needed /usr/lib/gcc/arm-linux-gnueabihf/6/crtend.o /usr/lib/gcc/arm-linux-gnueabihf/6/../../../arm-linux-gnueabihf/crtn.o]
    arg [/usr/lib/gcc/arm-linux-gnueabihf/6/collect2] ==> ignore
    arg [-plugin] ==> ignore
    arg [/usr/lib/gcc/arm-linux-gnueabihf/6/liblto_plugin.so] ==> ignore
    arg [-plugin-opt=/usr/lib/gcc/arm-linux-gnueabihf/6/lto-wrapper] ==> ignore
    arg [-plugin-opt=-fresolution=/tmp/ccjfEAEW.res] ==> ignore
    arg [-plugin-opt=-pass-through=-lgcc] ==> ignore
    arg [-plugin-opt=-pass-through=-lgcc_s] ==> ignore
    arg [-plugin-opt=-pass-through=-lc] ==> ignore
    arg [-plugin-opt=-pass-through=-lgcc] ==> ignore
    arg [-plugin-opt=-pass-through=-lgcc_s] ==> ignore
    arg [--sysroot=/] ==> ignore
    arg [--build-id] ==> ignore
    arg [--eh-frame-hdr] ==> ignore
    arg [-export-dynamic] ==> ignore
    arg [-dynamic-linker] ==> ignore
    arg [/lib/ld-linux-armhf.so.3] ==> ignore
    arg [-X] ==> ignore
    arg [--hash-style=gnu] ==> ignore
    arg [-m] ==> ignore
    arg [armelf_linux_eabi] ==> ignore
    arg [-o] ==> ignore
    arg [cmTC_607ba] ==> ignore
    arg [/usr/lib/gcc/arm-linux-gnueabihf/6/../../../arm-linux-gnueabihf/crt1.o] ==> ignore
    arg [/usr/lib/gcc/arm-linux-gnueabihf/6/../../../arm-linux-gnueabihf/crti.o] ==> ignore
    arg [/usr/lib/gcc/arm-linux-gnueabihf/6/crtbegin.o] ==> ignore
    arg [-L/usr/lib/gcc/arm-linux-gnueabihf/6] ==> dir [/usr/lib/gcc/arm-linux-gnueabihf/6]
    arg [-L/usr/lib/gcc/arm-linux-gnueabihf/6/../../../arm-linux-gnueabihf] ==> dir [/usr/lib/gcc/arm-linux-gnueabihf/6/../../../arm-linux-gnueabihf]
    arg [-L/usr/lib/gcc/arm-linux-gnueabihf/6/../../..] ==> dir [/usr/lib/gcc/arm-linux-gnueabihf/6/../../..]
    arg [-L/lib/arm-linux-gnueabihf] ==> dir [/lib/arm-linux-gnueabihf]
    arg [-L/usr/lib/arm-linux-gnueabihf] ==> dir [/usr/lib/arm-linux-gnueabihf]
    arg [CMakeFiles/cmTC_607ba.dir/CMakeCCompilerABI.c.o] ==> ignore
    arg [-lgcc] ==> lib [gcc]
    arg [--as-needed] ==> ignore
    arg [-lgcc_s] ==> lib [gcc_s]
    arg [--no-as-needed] ==> ignore
    arg [-lc] ==> lib [c]
    arg [-lgcc] ==> lib [gcc]
    arg [--as-needed] ==> ignore
    arg [-lgcc_s] ==> lib [gcc_s]
    arg [--no-as-needed] ==> ignore
    arg [/usr/lib/gcc/arm-linux-gnueabihf/6/crtend.o] ==> ignore
    arg [/usr/lib/gcc/arm-linux-gnueabihf/6/../../../arm-linux-gnueabihf/crtn.o] ==> ignore
  remove lib [gcc]
  remove lib [gcc_s]
  remove lib [gcc]
  remove lib [gcc_s]
  collapse library dir [/usr/lib/gcc/arm-linux-gnueabihf/6] ==> [/usr/lib/gcc/arm-linux-gnueabihf/6]
  collapse library dir [/usr/lib/gcc/arm-linux-gnueabihf/6/../../../arm-linux-gnueabihf] ==> [/usr/lib/arm-linux-gnueabihf]
  collapse library dir [/usr/lib/gcc/arm-linux-gnueabihf/6/../../..] ==> [/usr/lib]
  collapse library dir [/lib/arm-linux-gnueabihf] ==> [/lib/arm-linux-gnueabihf]
  collapse library dir [/usr/lib/arm-linux-gnueabihf] ==> [/usr/lib/arm-linux-gnueabihf]
  implicit libs: [c]
  implicit dirs: [/usr/lib/gcc/arm-linux-gnueabihf/6;/usr/lib/arm-linux-gnueabihf;/usr/lib;/lib/arm-linux-gnueabihf]
  implicit fwks: []




Detecting C [-std=c11] compiler features compiled with the following output:
Change Dir: /home/pi/inference_engine_vpu_arm/deployment_tools/inference_engine/samples/build/CMakeFiles/CMakeTmp

Run Build Command:"/usr/bin/make" "cmTC_4d605/fast"
/usr/bin/make -f CMakeFiles/cmTC_4d605.dir/build.make CMakeFiles/cmTC_4d605.dir/build
make[1]: Entering directory '/home/pi/inference_engine_vpu_arm/deployment_tools/inference_engine/samples/build/CMakeFiles/CMakeTmp'
Building C object CMakeFiles/cmTC_4d605.dir/feature_tests.c.o
/usr/bin/cc    -std=c11 -o CMakeFiles/cmTC_4d605.dir/feature_tests.c.o   -c /home/pi/inference_engine_vpu_arm/deployment_tools/inference_engine/samples/build/CMakeFiles/feature_tests.c
Linking C executable cmTC_4d605
/usr/bin/cmake -E cmake_link_script CMakeFiles/cmTC_4d605.dir/link.txt --verbose=1
/usr/bin/cc       CMakeFiles/cmTC_4d605.dir/feature_tests.c.o  -o cmTC_4d605 -rdynamic 
make[1]: Leaving directory '/home/pi/inference_engine_vpu_arm/deployment_tools/inference_engine/samples/build/CMakeFiles/CMakeTmp'


    Feature record: C_FEATURE:1c_function_prototypes
    Feature record: C_FEATURE:1c_restrict
    Feature record: C_FEATURE:1c_static_assert
    Feature record: C_FEATURE:1c_variadic_macros


Detecting C [-std=c99] compiler features compiled with the following output:
Change Dir: /home/pi/inference_engine_vpu_arm/deployment_tools/inference_engine/samples/build/CMakeFiles/CMakeTmp

Run Build Command:"/usr/bin/make" "cmTC_ecc5c/fast"
/usr/bin/make -f CMakeFiles/cmTC_ecc5c.dir/build.make CMakeFiles/cmTC_ecc5c.dir/build
make[1]: Entering directory '/home/pi/inference_engine_vpu_arm/deployment_tools/inference_engine/samples/build/CMakeFiles/CMakeTmp'
Building C object CMakeFiles/cmTC_ecc5c.dir/feature_tests.c.o
/usr/bin/cc    -std=c99 -o CMakeFiles/cmTC_ecc5c.dir/feature_tests.c.o   -c /home/pi/inference_engine_vpu_arm/deployment_tools/inference_engine/samples/build/CMakeFiles/feature_tests.c
Linking C executable cmTC_ecc5c
/usr/bin/cmake -E cmake_link_script CMakeFiles/cmTC_ecc5c.dir/link.txt --verbose=1
/usr/bin/cc       CMakeFiles/cmTC_ecc5c.dir/feature_tests.c.o  -o cmTC_ecc5c -rdynamic 
make[1]: Leaving directory '/home/pi/inference_engine_vpu_arm/deployment_tools/inference_engine/samples/build/CMakeFiles/CMakeTmp'


    Feature record: C_FEATURE:1c_function_prototypes
    Feature record: C_FEATURE:1c_restrict
    Feature record: C_FEATURE:0c_static_assert
    Feature record: C_FEATURE:1c_variadic_macros


Detecting C [-std=c90] compiler features compiled with the following output:
Change Dir: /home/pi/inference_engine_vpu_arm/deployment_tools/inference_engine/samples/build/CMakeFiles/CMakeTmp

Run Build Command:"/usr/bin/make" "cmTC_e7e5e/fast"
/usr/bin/make -f CMakeFiles/cmTC_e7e5e.dir/build.make CMakeFiles/cmTC_e7e5e.dir/build
make[1]: Entering directory '/home/pi/inference_engine_vpu_arm/deployment_tools/inference_engine/samples/build/CMakeFiles/CMakeTmp'
Building C object CMakeFiles/cmTC_e7e5e.dir/feature_tests.c.o
/usr/bin/cc    -std=c90 -o CMakeFiles/cmTC_e7e5e.dir/feature_tests.c.o   -c /home/pi/inference_engine_vpu_arm/deployment_tools/inference_engine/samples/build/CMakeFiles/feature_tests.c
Linking C executable cmTC_e7e5e
/usr/bin/cmake -E cmake_link_script CMakeFiles/cmTC_e7e5e.dir/link.txt --verbose=1
/usr/bin/cc       CMakeFiles/cmTC_e7e5e.dir/feature_tests.c.o  -o cmTC_e7e5e -rdynamic 
make[1]: Leaving directory '/home/pi/inference_engine_vpu_arm/deployment_tools/inference_engine/samples/build/CMakeFiles/CMakeTmp'


    Feature record: C_FEATURE:1c_function_prototypes
    Feature record: C_FEATURE:0c_restrict
    Feature record: C_FEATURE:0c_static_assert
    Feature record: C_FEATURE:0c_variadic_macros
Determining if the CXX compiler works passed with the following output:
Change Dir: /home/pi/inference_engine_vpu_arm/deployment_tools/inference_engine/samples/build/CMakeFiles/CMakeTmp

Run Build Command:"/usr/bin/make" "cmTC_a5bb3/fast"
/usr/bin/make -f CMakeFiles/cmTC_a5bb3.dir/build.make CMakeFiles/cmTC_a5bb3.dir/build
make[1]: Entering directory '/home/pi/inference_engine_vpu_arm/deployment_tools/inference_engine/samples/build/CMakeFiles/CMakeTmp'
Building CXX object CMakeFiles/cmTC_a5bb3.dir/testCXXCompiler.cxx.o
/usr/bin/c++     -march=armv7-a    -o CMakeFiles/cmTC_a5bb3.dir/testCXXCompiler.cxx.o -c /home/pi/inference_engine_vpu_arm/deployment_tools/inference_engine/samples/build/CMakeFiles/CMakeTmp/testCXXCompiler.cxx
Linking CXX executable cmTC_a5bb3
/usr/bin/cmake -E cmake_link_script CMakeFiles/cmTC_a5bb3.dir/link.txt --verbose=1
/usr/bin/c++   -march=armv7-a     CMakeFiles/cmTC_a5bb3.dir/testCXXCompiler.cxx.o  -o cmTC_a5bb3 -rdynamic 
make[1]: Leaving directory '/home/pi/inference_engine_vpu_arm/deployment_tools/inference_engine/samples/build/CMakeFiles/CMakeTmp'


Detecting CXX compiler ABI info compiled with the following output:
Change Dir: /home/pi/inference_engine_vpu_arm/deployment_tools/inference_engine/samples/build/CMakeFiles/CMakeTmp

Run Build Command:"/usr/bin/make" "cmTC_391d8/fast"
/usr/bin/make -f CMakeFiles/cmTC_391d8.dir/build.make CMakeFiles/cmTC_391d8.dir/build
make[1]: Entering directory '/home/pi/inference_engine_vpu_arm/deployment_tools/inference_engine/samples/build/CMakeFiles/CMakeTmp'
Building CXX object CMakeFiles/cmTC_391d8.dir/CMakeCXXCompilerABI.cpp.o
/usr/bin/c++     -march=armv7-a    -o CMakeFiles/cmTC_391d8.dir/CMakeCXXCompilerABI.cpp.o -c /usr/share/cmake-3.7/Modules/CMakeCXXCompilerABI.cpp
Linking CXX executable cmTC_391d8
/usr/bin/cmake -E cmake_link_script CMakeFiles/cmTC_391d8.dir/link.txt --verbose=1
/usr/bin/c++   -march=armv7-a    -v CMakeFiles/cmTC_391d8.dir/CMakeCXXCompilerABI.cpp.o  -o cmTC_391d8 -rdynamic  
Using built-in specs.
COLLECT_GCC=/usr/bin/c++
COLLECT_LTO_WRAPPER=/usr/lib/gcc/arm-linux-gnueabihf/6/lto-wrapper
Target: arm-linux-gnueabihf
Configured with: ../src/configure -v --with-pkgversion='Raspbian 6.3.0-18+rpi1+deb9u1' --with-bugurl=file:///usr/share/doc/gcc-6/README.Bugs --enable-languages=c,ada,c++,java,go,d,fortran,objc,obj-c++ --prefix=/usr --program-suffix=-6 --program-prefix=arm-linux-gnueabihf- --enable-shared --enable-linker-build-id --libexecdir=/usr/lib --without-included-gettext --enable-threads=posix --libdir=/usr/lib --enable-nls --with-sysroot=/ --enable-clocale=gnu --enable-libstdcxx-debug --enable-libstdcxx-time=yes --with-default-libstdcxx-abi=new --enable-gnu-unique-object --disable-libitm --disable-libquadmath --enable-plugin --with-system-zlib --disable-browser-plugin --enable-java-awt=gtk --enable-gtk-cairo --with-java-home=/usr/lib/jvm/java-1.5.0-gcj-6-armhf/jre --enable-java-home --with-jvm-root-dir=/usr/lib/jvm/java-1.5.0-gcj-6-armhf --with-jvm-jar-dir=/usr/lib/jvm-exports/java-1.5.0-gcj-6-armhf --with-arch-directory=arm --with-ecj-jar=/usr/share/java/eclipse-ecj.jar --with-target-system-zlib --enable-objc-gc=auto --enable-multiarch --disable-sjlj-exceptions --with-arch=armv6 --with-fpu=vfp --with-float=hard --enable-checking=release --build=arm-linux-gnueabihf --host=arm-linux-gnueabihf --target=arm-linux-gnueabihf
Thread model: posix
gcc version 6.3.0 20170516 (Raspbian 6.3.0-18+rpi1+deb9u1) 
COMPILER_PATH=/usr/lib/gcc/arm-linux-gnueabihf/6/:/usr/lib/gcc/arm-linux-gnueabihf/6/:/usr/lib/gcc/arm-linux-gnueabihf/:/usr/lib/gcc/arm-linux-gnueabihf/6/:/usr/lib/gcc/arm-linux-gnueabihf/
LIBRARY_PATH=/usr/lib/gcc/arm-linux-gnueabihf/6/:/usr/lib/gcc/arm-linux-gnueabihf/6/../../../arm-linux-gnueabihf/:/usr/lib/gcc/arm-linux-gnueabihf/6/../../../:/lib/arm-linux-gnueabihf/:/lib/:/usr/lib/arm-linux-gnueabihf/:/usr/lib/
COLLECT_GCC_OPTIONS='-march=armv7-a' '-v' '-o' 'cmTC_391d8' '-rdynamic' '-shared-libgcc' '-mfloat-abi=hard' '-mfpu=vfp' '-mtls-dialect=gnu'
 /usr/lib/gcc/arm-linux-gnueabihf/6/collect2 -plugin /usr/lib/gcc/arm-linux-gnueabihf/6/liblto_plugin.so -plugin-opt=/usr/lib/gcc/arm-linux-gnueabihf/6/lto-wrapper -plugin-opt=-fresolution=/tmp/cc6lXqrb.res -plugin-opt=-pass-through=-lgcc_s -plugin-opt=-pass-through=-lgcc -plugin-opt=-pass-through=-lc -plugin-opt=-pass-through=-lgcc_s -plugin-opt=-pass-through=-lgcc --sysroot=/ --build-id --eh-frame-hdr -export-dynamic -dynamic-linker /lib/ld-linux-armhf.so.3 -X --hash-style=gnu -m armelf_linux_eabi -o cmTC_391d8 /usr/lib/gcc/arm-linux-gnueabihf/6/../../../arm-linux-gnueabihf/crt1.o /usr/lib/gcc/arm-linux-gnueabihf/6/../../../arm-linux-gnueabihf/crti.o /usr/lib/gcc/arm-linux-gnueabihf/6/crtbegin.o -L/usr/lib/gcc/arm-linux-gnueabihf/6 -L/usr/lib/gcc/arm-linux-gnueabihf/6/../../../arm-linux-gnueabihf -L/usr/lib/gcc/arm-linux-gnueabihf/6/../../.. -L/lib/arm-linux-gnueabihf -L/usr/lib/arm-linux-gnueabihf CMakeFiles/cmTC_391d8.dir/CMakeCXXCompilerABI.cpp.o -lstdc++ -lm -lgcc_s -lgcc -lc -lgcc_s -lgcc /usr/lib/gcc/arm-linux-gnueabihf/6/crtend.o /usr/lib/gcc/arm-linux-gnueabihf/6/../../../arm-linux-gnueabihf/crtn.o
COLLECT_GCC_OPTIONS='-march=armv7-a' '-v' '-o' 'cmTC_391d8' '-rdynamic' '-shared-libgcc' '-mfloat-abi=hard' '-mfpu=vfp' '-mtls-dialect=gnu'
make[1]: Leaving directory '/home/pi/inference_engine_vpu_arm/deployment_tools/inference_engine/samples/build/CMakeFiles/CMakeTmp'


Parsed CXX implicit link information from above output:
  link line regex: [^( *|.*[/\])(ld|([^/\]+-)?ld|collect2)[^/\]*( |$)]
  ignore line: [Change Dir: /home/pi/inference_engine_vpu_arm/deployment_tools/inference_engine/samples/build/CMakeFiles/CMakeTmp]
  ignore line: []
  ignore line: [Run Build Command:"/usr/bin/make" "cmTC_391d8/fast"]
  ignore line: [/usr/bin/make -f CMakeFiles/cmTC_391d8.dir/build.make CMakeFiles/cmTC_391d8.dir/build]
  ignore line: [make[1]: Entering directory '/home/pi/inference_engine_vpu_arm/deployment_tools/inference_engine/samples/build/CMakeFiles/CMakeTmp']
  ignore line: [Building CXX object CMakeFiles/cmTC_391d8.dir/CMakeCXXCompilerABI.cpp.o]
  ignore line: [/usr/bin/c++     -march=armv7-a    -o CMakeFiles/cmTC_391d8.dir/CMakeCXXCompilerABI.cpp.o -c /usr/share/cmake-3.7/Modules/CMakeCXXCompilerABI.cpp]
  ignore line: [Linking CXX executable cmTC_391d8]
  ignore line: [/usr/bin/cmake -E cmake_link_script CMakeFiles/cmTC_391d8.dir/link.txt --verbose=1]
  ignore line: [/usr/bin/c++   -march=armv7-a    -v CMakeFiles/cmTC_391d8.dir/CMakeCXXCompilerABI.cpp.o  -o cmTC_391d8 -rdynamic  ]
  ignore line: [Using built-in specs.]
  ignore line: [COLLECT_GCC=/usr/bin/c++]
  ignore line: [COLLECT_LTO_WRAPPER=/usr/lib/gcc/arm-linux-gnueabihf/6/lto-wrapper]
  ignore line: [Target: arm-linux-gnueabihf]
  ignore line: [Configured with: ../src/configure -v --with-pkgversion='Raspbian 6.3.0-18+rpi1+deb9u1' --with-bugurl=file:///usr/share/doc/gcc-6/README.Bugs --enable-languages=c,ada,c++,java,go,d,fortran,objc,obj-c++ --prefix=/usr --program-suffix=-6 --program-prefix=arm-linux-gnueabihf- --enable-shared --enable-linker-build-id --libexecdir=/usr/lib --without-included-gettext --enable-threads=posix --libdir=/usr/lib --enable-nls --with-sysroot=/ --enable-clocale=gnu --enable-libstdcxx-debug --enable-libstdcxx-time=yes --with-default-libstdcxx-abi=new --enable-gnu-unique-object --disable-libitm --disable-libquadmath --enable-plugin --with-system-zlib --disable-browser-plugin --enable-java-awt=gtk --enable-gtk-cairo --with-java-home=/usr/lib/jvm/java-1.5.0-gcj-6-armhf/jre --enable-java-home --with-jvm-root-dir=/usr/lib/jvm/java-1.5.0-gcj-6-armhf --with-jvm-jar-dir=/usr/lib/jvm-exports/java-1.5.0-gcj-6-armhf --with-arch-directory=arm --with-ecj-jar=/usr/share/java/eclipse-ecj.jar --with-target-system-zlib --enable-objc-gc=auto --enable-multiarch --disable-sjlj-exceptions --with-arch=armv6 --with-fpu=vfp --with-float=hard --enable-checking=release --build=arm-linux-gnueabihf --host=arm-linux-gnueabihf --target=arm-linux-gnueabihf]
  ignore line: [Thread model: posix]
  ignore line: [gcc version 6.3.0 20170516 (Raspbian 6.3.0-18+rpi1+deb9u1) ]
  ignore line: [COMPILER_PATH=/usr/lib/gcc/arm-linux-gnueabihf/6/:/usr/lib/gcc/arm-linux-gnueabihf/6/:/usr/lib/gcc/arm-linux-gnueabihf/:/usr/lib/gcc/arm-linux-gnueabihf/6/:/usr/lib/gcc/arm-linux-gnueabihf/]
  ignore line: [LIBRARY_PATH=/usr/lib/gcc/arm-linux-gnueabihf/6/:/usr/lib/gcc/arm-linux-gnueabihf/6/../../../arm-linux-gnueabihf/:/usr/lib/gcc/arm-linux-gnueabihf/6/../../../:/lib/arm-linux-gnueabihf/:/lib/:/usr/lib/arm-linux-gnueabihf/:/usr/lib/]
  ignore line: [COLLECT_GCC_OPTIONS='-march=armv7-a' '-v' '-o' 'cmTC_391d8' '-rdynamic' '-shared-libgcc' '-mfloat-abi=hard' '-mfpu=vfp' '-mtls-dialect=gnu']
  link line: [ /usr/lib/gcc/arm-linux-gnueabihf/6/collect2 -plugin /usr/lib/gcc/arm-linux-gnueabihf/6/liblto_plugin.so -plugin-opt=/usr/lib/gcc/arm-linux-gnueabihf/6/lto-wrapper -plugin-opt=-fresolution=/tmp/cc6lXqrb.res -plugin-opt=-pass-through=-lgcc_s -plugin-opt=-pass-through=-lgcc -plugin-opt=-pass-through=-lc -plugin-opt=-pass-through=-lgcc_s -plugin-opt=-pass-through=-lgcc --sysroot=/ --build-id --eh-frame-hdr -export-dynamic -dynamic-linker /lib/ld-linux-armhf.so.3 -X --hash-style=gnu -m armelf_linux_eabi -o cmTC_391d8 /usr/lib/gcc/arm-linux-gnueabihf/6/../../../arm-linux-gnueabihf/crt1.o /usr/lib/gcc/arm-linux-gnueabihf/6/../../../arm-linux-gnueabihf/crti.o /usr/lib/gcc/arm-linux-gnueabihf/6/crtbegin.o -L/usr/lib/gcc/arm-linux-gnueabihf/6 -L/usr/lib/gcc/arm-linux-gnueabihf/6/../../../arm-linux-gnueabihf -L/usr/lib/gcc/arm-linux-gnueabihf/6/../../.. -L/lib/arm-linux-gnueabihf -L/usr/lib/arm-linux-gnueabihf CMakeFiles/cmTC_391d8.dir/CMakeCXXCompilerABI.cpp.o -lstdc++ -lm -lgcc_s -lgcc -lc -lgcc_s -lgcc /usr/lib/gcc/arm-linux-gnueabihf/6/crtend.o /usr/lib/gcc/arm-linux-gnueabihf/6/../../../arm-linux-gnueabihf/crtn.o]
    arg [/usr/lib/gcc/arm-linux-gnueabihf/6/collect2] ==> ignore
    arg [-plugin] ==> ignore
    arg [/usr/lib/gcc/arm-linux-gnueabihf/6/liblto_plugin.so] ==> ignore
    arg [-plugin-opt=/usr/lib/gcc/arm-linux-gnueabihf/6/lto-wrapper] ==> ignore
    arg [-plugin-opt=-fresolution=/tmp/cc6lXqrb.res] ==> ignore
    arg [-plugin-opt=-pass-through=-lgcc_s] ==> ignore
    arg [-plugin-opt=-pass-through=-lgcc] ==> ignore
    arg [-plugin-opt=-pass-through=-lc] ==> ignore
    arg [-plugin-opt=-pass-through=-lgcc_s] ==> ignore
    arg [-plugin-opt=-pass-through=-lgcc] ==> ignore
    arg [--sysroot=/] ==> ignore
    arg [--build-id] ==> ignore
    arg [--eh-frame-hdr] ==> ignore
    arg [-export-dynamic] ==> ignore
    arg [-dynamic-linker] ==> ignore
    arg [/lib/ld-linux-armhf.so.3] ==> ignore
    arg [-X] ==> ignore
    arg [--hash-style=gnu] ==> ignore
    arg [-m] ==> ignore
    arg [armelf_linux_eabi] ==> ignore
    arg [-o] ==> ignore
    arg [cmTC_391d8] ==> ignore
    arg [/usr/lib/gcc/arm-linux-gnueabihf/6/../../../arm-linux-gnueabihf/crt1.o] ==> ignore
    arg [/usr/lib/gcc/arm-linux-gnueabihf/6/../../../arm-linux-gnueabihf/crti.o] ==> ignore
    arg [/usr/lib/gcc/arm-linux-gnueabihf/6/crtbegin.o] ==> ignore
    arg [-L/usr/lib/gcc/arm-linux-gnueabihf/6] ==> dir [/usr/lib/gcc/arm-linux-gnueabihf/6]
    arg [-L/usr/lib/gcc/arm-linux-gnueabihf/6/../../../arm-linux-gnueabihf] ==> dir [/usr/lib/gcc/arm-linux-gnueabihf/6/../../../arm-linux-gnueabihf]
    arg [-L/usr/lib/gcc/arm-linux-gnueabihf/6/../../..] ==> dir [/usr/lib/gcc/arm-linux-gnueabihf/6/../../..]
    arg [-L/lib/arm-linux-gnueabihf] ==> dir [/lib/arm-linux-gnueabihf]
    arg [-L/usr/lib/arm-linux-gnueabihf] ==> dir [/usr/lib/arm-linux-gnueabihf]
    arg [CMakeFiles/cmTC_391d8.dir/CMakeCXXCompilerABI.cpp.o] ==> ignore
    arg [-lstdc++] ==> lib [stdc++]
    arg [-lm] ==> lib [m]
    arg [-lgcc_s] ==> lib [gcc_s]
    arg [-lgcc] ==> lib [gcc]
    arg [-lc] ==> lib [c]
    arg [-lgcc_s] ==> lib [gcc_s]
    arg [-lgcc] ==> lib [gcc]
    arg [/usr/lib/gcc/arm-linux-gnueabihf/6/crtend.o] ==> ignore
    arg [/usr/lib/gcc/arm-linux-gnueabihf/6/../../../arm-linux-gnueabihf/crtn.o] ==> ignore
  remove lib [gcc_s]
  remove lib [gcc]
  remove lib [gcc_s]
  remove lib [gcc]
  collapse library dir [/usr/lib/gcc/arm-linux-gnueabihf/6] ==> [/usr/lib/gcc/arm-linux-gnueabihf/6]
  collapse library dir [/usr/lib/gcc/arm-linux-gnueabihf/6/../../../arm-linux-gnueabihf] ==> [/usr/lib/arm-linux-gnueabihf]
  collapse library dir [/usr/lib/gcc/arm-linux-gnueabihf/6/../../..] ==> [/usr/lib]
  collapse library dir [/lib/arm-linux-gnueabihf] ==> [/lib/arm-linux-gnueabihf]
  collapse library dir [/usr/lib/arm-linux-gnueabihf] ==> [/usr/lib/arm-linux-gnueabihf]
  implicit libs: [stdc++;m;c]
  implicit dirs: [/usr/lib/gcc/arm-linux-gnueabihf/6;/usr/lib/arm-linux-gnueabihf;/usr/lib;/lib/arm-linux-gnueabihf]
  implicit fwks: []




Detecting CXX [-std=c++14] compiler features compiled with the following output:
Change Dir: /home/pi/inference_engine_vpu_arm/deployment_tools/inference_engine/samples/build/CMakeFiles/CMakeTmp

Run Build Command:"/usr/bin/make" "cmTC_4ecf5/fast"
/usr/bin/make -f CMakeFiles/cmTC_4ecf5.dir/build.make CMakeFiles/cmTC_4ecf5.dir/build
make[1]: Entering directory '/home/pi/inference_engine_vpu_arm/deployment_tools/inference_engine/samples/build/CMakeFiles/CMakeTmp'
Building CXX object CMakeFiles/cmTC_4ecf5.dir/feature_tests.cxx.o
/usr/bin/c++     -march=armv7-a    -std=c++14 -o CMakeFiles/cmTC_4ecf5.dir/feature_tests.cxx.o -c /home/pi/inference_engine_vpu_arm/deployment_tools/inference_engine/samples/build/CMakeFiles/feature_tests.cxx
Linking CXX executable cmTC_4ecf5
/usr/bin/cmake -E cmake_link_script CMakeFiles/cmTC_4ecf5.dir/link.txt --verbose=1
/usr/bin/c++   -march=armv7-a     CMakeFiles/cmTC_4ecf5.dir/feature_tests.cxx.o  -o cmTC_4ecf5 -rdynamic 
make[1]: Leaving directory '/home/pi/inference_engine_vpu_arm/deployment_tools/inference_engine/samples/build/CMakeFiles/CMakeTmp'


    Feature record: CXX_FEATURE:1cxx_aggregate_default_initializers
    Feature record: CXX_FEATURE:1cxx_alias_templates
    Feature record: CXX_FEATURE:1cxx_alignas
    Feature record: CXX_FEATURE:1cxx_alignof
    Feature record: CXX_FEATURE:1cxx_attributes
    Feature record: CXX_FEATURE:1cxx_attribute_deprecated
    Feature record: CXX_FEATURE:1cxx_auto_type
    Feature record: CXX_FEATURE:1cxx_binary_literals
    Feature record: CXX_FEATURE:1cxx_constexpr
    Feature record: CXX_FEATURE:1cxx_contextual_conversions
    Feature record: CXX_FEATURE:1cxx_decltype
    Feature record: CXX_FEATURE:1cxx_decltype_auto
    Feature record: CXX_FEATURE:1cxx_decltype_incomplete_return_types
    Feature record: CXX_FEATURE:1cxx_default_function_template_args
    Feature record: CXX_FEATURE:1cxx_defaulted_functions
    Feature record: CXX_FEATURE:1cxx_defaulted_move_initializers
    Feature record: CXX_FEATURE:1cxx_delegating_constructors
    Feature record: CXX_FEATURE:1cxx_deleted_functions
    Feature record: CXX_FEATURE:1cxx_digit_separators
    Feature record: CXX_FEATURE:1cxx_enum_forward_declarations
    Feature record: CXX_FEATURE:1cxx_explicit_conversions
    Feature record: CXX_FEATURE:1cxx_extended_friend_declarations
    Feature record: CXX_FEATURE:1cxx_extern_templates
    Feature record: CXX_FEATURE:1cxx_final
    Feature record: CXX_FEATURE:1cxx_func_identifier
    Feature record: CXX_FEATURE:1cxx_generalized_initializers
    Feature record: CXX_FEATURE:1cxx_generic_lambdas
    Feature record: CXX_FEATURE:1cxx_inheriting_constructors
    Feature record: CXX_FEATURE:1cxx_inline_namespaces
    Feature record: CXX_FEATURE:1cxx_lambdas
    Feature record: CXX_FEATURE:1cxx_lambda_init_captures
    Feature record: CXX_FEATURE:1cxx_local_type_template_args
    Feature record: CXX_FEATURE:1cxx_long_long_type
    Feature record: CXX_FEATURE:1cxx_noexcept
    Feature record: CXX_FEATURE:1cxx_nonstatic_member_init
    Feature record: CXX_FEATURE:1cxx_nullptr
    Feature record: CXX_FEATURE:1cxx_override
    Feature record: CXX_FEATURE:1cxx_range_for
    Feature record: CXX_FEATURE:1cxx_raw_string_literals
    Feature record: CXX_FEATURE:1cxx_reference_qualified_functions
    Feature record: CXX_FEATURE:1cxx_relaxed_constexpr
    Feature record: CXX_FEATURE:1cxx_return_type_deduction
    Feature record: CXX_FEATURE:1cxx_right_angle_brackets
    Feature record: CXX_FEATURE:1cxx_rvalue_references
    Feature record: CXX_FEATURE:1cxx_sizeof_member
    Feature record: CXX_FEATURE:1cxx_static_assert
    Feature record: CXX_FEATURE:1cxx_strong_enums
    Feature record: CXX_FEATURE:1cxx_template_template_parameters
    Feature record: CXX_FEATURE:1cxx_thread_local
    Feature record: CXX_FEATURE:1cxx_trailing_return_types
    Feature record: CXX_FEATURE:1cxx_unicode_literals
    Feature record: CXX_FEATURE:1cxx_uniform_initialization
    Feature record: CXX_FEATURE:1cxx_unrestricted_unions
    Feature record: CXX_FEATURE:1cxx_user_literals
    Feature record: CXX_FEATURE:1cxx_variable_templates
    Feature record: CXX_FEATURE:1cxx_variadic_macros
    Feature record: CXX_FEATURE:1cxx_variadic_templates


Detecting CXX [-std=c++11] compiler features compiled with the following output:
Change Dir: /home/pi/inference_engine_vpu_arm/deployment_tools/inference_engine/samples/build/CMakeFiles/CMakeTmp

Run Build Command:"/usr/bin/make" "cmTC_f23c5/fast"
/usr/bin/make -f CMakeFiles/cmTC_f23c5.dir/build.make CMakeFiles/cmTC_f23c5.dir/build
make[1]: Entering directory '/home/pi/inference_engine_vpu_arm/deployment_tools/inference_engine/samples/build/CMakeFiles/CMakeTmp'
Building CXX object CMakeFiles/cmTC_f23c5.dir/feature_tests.cxx.o
/usr/bin/c++     -march=armv7-a    -std=c++11 -o CMakeFiles/cmTC_f23c5.dir/feature_tests.cxx.o -c /home/pi/inference_engine_vpu_arm/deployment_tools/inference_engine/samples/build/CMakeFiles/feature_tests.cxx
Linking CXX executable cmTC_f23c5
/usr/bin/cmake -E cmake_link_script CMakeFiles/cmTC_f23c5.dir/link.txt --verbose=1
/usr/bin/c++   -march=armv7-a     CMakeFiles/cmTC_f23c5.dir/feature_tests.cxx.o  -o cmTC_f23c5 -rdynamic 
make[1]: Leaving directory '/home/pi/inference_engine_vpu_arm/deployment_tools/inference_engine/samples/build/CMakeFiles/CMakeTmp'


    Feature record: CXX_FEATURE:0cxx_aggregate_default_initializers
    Feature record: CXX_FEATURE:1cxx_alias_templates
    Feature record: CXX_FEATURE:1cxx_alignas
    Feature record: CXX_FEATURE:1cxx_alignof
    Feature record: CXX_FEATURE:1cxx_attributes
    Feature record: CXX_FEATURE:0cxx_attribute_deprecated
    Feature record: CXX_FEATURE:1cxx_auto_type
    Feature record: CXX_FEATURE:0cxx_binary_literals
    Feature record: CXX_FEATURE:1cxx_constexpr
    Feature record: CXX_FEATURE:0cxx_contextual_conversions
    Feature record: CXX_FEATURE:1cxx_decltype
    Feature record: CXX_FEATURE:0cxx_decltype_auto
    Feature record: CXX_FEATURE:1cxx_decltype_incomplete_return_types
    Feature record: CXX_FEATURE:1cxx_default_function_template_args
    Feature record: CXX_FEATURE:1cxx_defaulted_functions
    Feature record: CXX_FEATURE:1cxx_defaulted_move_initializers
    Feature record: CXX_FEATURE:1cxx_delegating_constructors
    Feature record: CXX_FEATURE:1cxx_deleted_functions
    Feature record: CXX_FEATURE:0cxx_digit_separators
    Feature record: CXX_FEATURE:1cxx_enum_forward_declarations
    Feature record: CXX_FEATURE:1cxx_explicit_conversions
    Feature record: CXX_FEATURE:1cxx_extended_friend_declarations
    Feature record: CXX_FEATURE:1cxx_extern_templates
    Feature record: CXX_FEATURE:1cxx_final
    Feature record: CXX_FEATURE:1cxx_func_identifier
    Feature record: CXX_FEATURE:1cxx_generalized_initializers
    Feature record: CXX_FEATURE:0cxx_generic_lambdas
    Feature record: CXX_FEATURE:1cxx_inheriting_constructors
    Feature record: CXX_FEATURE:1cxx_inline_namespaces
    Feature record: CXX_FEATURE:1cxx_lambdas
    Feature record: CXX_FEATURE:0cxx_lambda_init_captures
    Feature record: CXX_FEATURE:1cxx_local_type_template_args
    Feature record: CXX_FEATURE:1cxx_long_long_type
    Feature record: CXX_FEATURE:1cxx_noexcept
    Feature record: CXX_FEATURE:1cxx_nonstatic_member_init
    Feature record: CXX_FEATURE:1cxx_nullptr
    Feature record: CXX_FEATURE:1cxx_override
    Feature record: CXX_FEATURE:1cxx_range_for
    Feature record: CXX_FEATURE:1cxx_raw_string_literals
    Feature record: CXX_FEATURE:1cxx_reference_qualified_functions
    Feature record: CXX_FEATURE:0cxx_relaxed_constexpr
    Feature record: CXX_FEATURE:0cxx_return_type_deduction
    Feature record: CXX_FEATURE:1cxx_right_angle_brackets
    Feature record: CXX_FEATURE:1cxx_rvalue_references
    Feature record: CXX_FEATURE:1cxx_sizeof_member
    Feature record: CXX_FEATURE:1cxx_static_assert
    Feature record: CXX_FEATURE:1cxx_strong_enums
    Feature record: CXX_FEATURE:1cxx_template_template_parameters
    Feature record: CXX_FEATURE:1cxx_thread_local
    Feature record: CXX_FEATURE:1cxx_trailing_return_types
    Feature record: CXX_FEATURE:1cxx_unicode_literals
    Feature record: CXX_FEATURE:1cxx_uniform_initialization
    Feature record: CXX_FEATURE:1cxx_unrestricted_unions
    Feature record: CXX_FEATURE:1cxx_user_literals
    Feature record: CXX_FEATURE:0cxx_variable_templates
    Feature record: CXX_FEATURE:1cxx_variadic_macros
    Feature record: CXX_FEATURE:1cxx_variadic_templates


Detecting CXX [-std=c++98] compiler features compiled with the following output:
Change Dir: /home/pi/inference_engine_vpu_arm/deployment_tools/inference_engine/samples/build/CMakeFiles/CMakeTmp

Run Build Command:"/usr/bin/make" "cmTC_ae2eb/fast"
/usr/bin/make -f CMakeFiles/cmTC_ae2eb.dir/build.make CMakeFiles/cmTC_ae2eb.dir/build
make[1]: Entering directory '/home/pi/inference_engine_vpu_arm/deployment_tools/inference_engine/samples/build/CMakeFiles/CMakeTmp'
Building CXX object CMakeFiles/cmTC_ae2eb.dir/feature_tests.cxx.o
/usr/bin/c++     -march=armv7-a    -std=c++98 -o CMakeFiles/cmTC_ae2eb.dir/feature_tests.cxx.o -c /home/pi/inference_engine_vpu_arm/deployment_tools/inference_engine/samples/build/CMakeFiles/feature_tests.cxx
Linking CXX executable cmTC_ae2eb
/usr/bin/cmake -E cmake_link_script CMakeFiles/cmTC_ae2eb.dir/link.txt --verbose=1
/usr/bin/c++   -march=armv7-a     CMakeFiles/cmTC_ae2eb.dir/feature_tests.cxx.o  -o cmTC_ae2eb -rdynamic 
make[1]: Leaving directory '/home/pi/inference_engine_vpu_arm/deployment_tools/inference_engine/samples/build/CMakeFiles/CMakeTmp'


    Feature record: CXX_FEATURE:0cxx_aggregate_default_initializers
    Feature record: CXX_FEATURE:0cxx_alias_templates
    Feature record: CXX_FEATURE:0cxx_alignas
    Feature record: CXX_FEATURE:0cxx_alignof
    Feature record: CXX_FEATURE:0cxx_attributes
    Feature record: CXX_FEATURE:0cxx_attribute_deprecated
    Feature record: CXX_FEATURE:0cxx_auto_type
    Feature record: CXX_FEATURE:0cxx_binary_literals
    Feature record: CXX_FEATURE:0cxx_constexpr
    Feature record: CXX_FEATURE:0cxx_contextual_conversions
    Feature record: CXX_FEATURE:0cxx_decltype
    Feature record: CXX_FEATURE:0cxx_decltype_auto
    Feature record: CXX_FEATURE:0cxx_decltype_incomplete_return_types
    Feature record: CXX_FEATURE:0cxx_default_function_template_args
    Feature record: CXX_FEATURE:0cxx_defaulted_functions
    Feature record: CXX_FEATURE:0cxx_defaulted_move_initializers
    Feature record: CXX_FEATURE:0cxx_delegating_constructors
    Feature record: CXX_FEATURE:0cxx_deleted_functions
    Feature record: CXX_FEATURE:0cxx_digit_separators
    Feature record: CXX_FEATURE:0cxx_enum_forward_declarations
    Feature record: CXX_FEATURE:0cxx_explicit_conversions
    Feature record: CXX_FEATURE:0cxx_extended_friend_declarations
    Feature record: CXX_FEATURE:0cxx_extern_templates
    Feature record: CXX_FEATURE:0cxx_final
    Feature record: CXX_FEATURE:0cxx_func_identifier
    Feature record: CXX_FEATURE:0cxx_generalized_initializers
    Feature record: CXX_FEATURE:0cxx_generic_lambdas
    Feature record: CXX_FEATURE:0cxx_inheriting_constructors
    Feature record: CXX_FEATURE:0cxx_inline_namespaces
    Feature record: CXX_FEATURE:0cxx_lambdas
    Feature record: CXX_FEATURE:0cxx_lambda_init_captures
    Feature record: CXX_FEATURE:0cxx_local_type_template_args
    Feature record: CXX_FEATURE:0cxx_long_long_type
    Feature record: CXX_FEATURE:0cxx_noexcept
    Feature record: CXX_FEATURE:0cxx_nonstatic_member_init
    Feature record: CXX_FEATURE:0cxx_nullptr
    Feature record: CXX_FEATURE:0cxx_override
    Feature record: CXX_FEATURE:0cxx_range_for
    Feature record: CXX_FEATURE:0cxx_raw_string_literals
    Feature record: CXX_FEATURE:0cxx_reference_qualified_functions
    Feature record: CXX_FEATURE:0cxx_relaxed_constexpr
    Feature record: CXX_FEATURE:0cxx_return_type_deduction
    Feature record: CXX_FEATURE:0cxx_right_angle_brackets
    Feature record: CXX_FEATURE:0cxx_rvalue_references
    Feature record: CXX_FEATURE:0cxx_sizeof_member
    Feature record: CXX_FEATURE:0cxx_static_assert
    Feature record: CXX_FEATURE:0cxx_strong_enums
    Feature record: CXX_FEATURE:1cxx_template_template_parameters
    Feature record: CXX_FEATURE:0cxx_thread_local
    Feature record: CXX_FEATURE:0cxx_trailing_return_types
    Feature record: CXX_FEATURE:0cxx_unicode_literals
    Feature record: CXX_FEATURE:0cxx_uniform_initialization
    Feature record: CXX_FEATURE:0cxx_unrestricted_unions
    Feature record: CXX_FEATURE:0cxx_user_literals
    Feature record: CXX_FEATURE:0cxx_variable_templates
    Feature record: CXX_FEATURE:0cxx_variadic_macros
    Feature record: CXX_FEATURE:0cxx_variadic_templates
Determining if the include file unistd.h exists passed with the following output:
Change Dir: /home/pi/inference_engine_vpu_arm/deployment_tools/inference_engine/samples/build/CMakeFiles/CMakeTmp

Run Build Command:"/usr/bin/make" "cmTC_223e7/fast"
/usr/bin/make -f CMakeFiles/cmTC_223e7.dir/build.make CMakeFiles/cmTC_223e7.dir/build
make[1]: Entering directory '/home/pi/inference_engine_vpu_arm/deployment_tools/inference_engine/samples/build/CMakeFiles/CMakeTmp'
Building CXX object CMakeFiles/cmTC_223e7.dir/CheckIncludeFile.cxx.o
/usr/bin/c++     -std=c++11 -march=armv7-a -Werror -Werror=return-type  -Wuninitialized -Winit-self -Wmaybe-uninitialized    -o CMakeFiles/cmTC_223e7.dir/CheckIncludeFile.cxx.o -c /home/pi/inference_engine_vpu_arm/deployment_tools/inference_engine/samples/build/CMakeFiles/CMakeTmp/CheckIncludeFile.cxx
Linking CXX executable cmTC_223e7
/usr/bin/cmake -E cmake_link_script CMakeFiles/cmTC_223e7.dir/link.txt --verbose=1
/usr/bin/c++   -std=c++11 -march=armv7-a -Werror -Werror=return-type  -Wuninitialized -Winit-self -Wmaybe-uninitialized     CMakeFiles/cmTC_223e7.dir/CheckIncludeFile.cxx.o  -o cmTC_223e7 -rdynamic 
make[1]: Leaving directory '/home/pi/inference_engine_vpu_arm/deployment_tools/inference_engine/samples/build/CMakeFiles/CMakeTmp'


Determining if the include file stdint.h exists passed with the following output:
Change Dir: /home/pi/inference_engine_vpu_arm/deployment_tools/inference_engine/samples/build/CMakeFiles/CMakeTmp

Run Build Command:"/usr/bin/make" "cmTC_6a3e3/fast"
/usr/bin/make -f CMakeFiles/cmTC_6a3e3.dir/build.make CMakeFiles/cmTC_6a3e3.dir/build
make[1]: Entering directory '/home/pi/inference_engine_vpu_arm/deployment_tools/inference_engine/samples/build/CMakeFiles/CMakeTmp'
Building CXX object CMakeFiles/cmTC_6a3e3.dir/CheckIncludeFile.cxx.o
/usr/bin/c++     -std=c++11 -march=armv7-a -Werror -Werror=return-type  -Wuninitialized -Winit-self -Wmaybe-uninitialized    -o CMakeFiles/cmTC_6a3e3.dir/CheckIncludeFile.cxx.o -c /home/pi/inference_engine_vpu_arm/deployment_tools/inference_engine/samples/build/CMakeFiles/CMakeTmp/CheckIncludeFile.cxx
Linking CXX executable cmTC_6a3e3
/usr/bin/cmake -E cmake_link_script CMakeFiles/cmTC_6a3e3.dir/link.txt --verbose=1
/usr/bin/c++   -std=c++11 -march=armv7-a -Werror -Werror=return-type  -Wuninitialized -Winit-self -Wmaybe-uninitialized     CMakeFiles/cmTC_6a3e3.dir/CheckIncludeFile.cxx.o  -o cmTC_6a3e3 -rdynamic 
make[1]: Leaving directory '/home/pi/inference_engine_vpu_arm/deployment_tools/inference_engine/samples/build/CMakeFiles/CMakeTmp'


Determining if the include file sys/types.h exists passed with the following output:
Change Dir: /home/pi/inference_engine_vpu_arm/deployment_tools/inference_engine/samples/build/CMakeFiles/CMakeTmp

Run Build Command:"/usr/bin/make" "cmTC_523ab/fast"
/usr/bin/make -f CMakeFiles/cmTC_523ab.dir/build.make CMakeFiles/cmTC_523ab.dir/build
make[1]: Entering directory '/home/pi/inference_engine_vpu_arm/deployment_tools/inference_engine/samples/build/CMakeFiles/CMakeTmp'
Building CXX object CMakeFiles/cmTC_523ab.dir/CheckIncludeFile.cxx.o
/usr/bin/c++     -std=c++11 -march=armv7-a -Werror -Werror=return-type  -Wuninitialized -Winit-self -Wmaybe-uninitialized    -o CMakeFiles/cmTC_523ab.dir/CheckIncludeFile.cxx.o -c /home/pi/inference_engine_vpu_arm/deployment_tools/inference_engine/samples/build/CMakeFiles/CMakeTmp/CheckIncludeFile.cxx
Linking CXX executable cmTC_523ab
/usr/bin/cmake -E cmake_link_script CMakeFiles/cmTC_523ab.dir/link.txt --verbose=1
/usr/bin/c++   -std=c++11 -march=armv7-a -Werror -Werror=return-type  -Wuninitialized -Winit-self -Wmaybe-uninitialized     CMakeFiles/cmTC_523ab.dir/CheckIncludeFile.cxx.o  -o cmTC_523ab -rdynamic 
make[1]: Leaving directory '/home/pi/inference_engine_vpu_arm/deployment_tools/inference_engine/samples/build/CMakeFiles/CMakeTmp'


Determining if the include file fnmatch.h exists passed with the following output:
Change Dir: /home/pi/inference_engine_vpu_arm/deployment_tools/inference_engine/samples/build/CMakeFiles/CMakeTmp

Run Build Command:"/usr/bin/make" "cmTC_ab3cc/fast"
/usr/bin/make -f CMakeFiles/cmTC_ab3cc.dir/build.make CMakeFiles/cmTC_ab3cc.dir/build
make[1]: Entering directory '/home/pi/inference_engine_vpu_arm/deployment_tools/inference_engine/samples/build/CMakeFiles/CMakeTmp'
Building CXX object CMakeFiles/cmTC_ab3cc.dir/CheckIncludeFile.cxx.o
/usr/bin/c++     -std=c++11 -march=armv7-a -Werror -Werror=return-type  -Wuninitialized -Winit-self -Wmaybe-uninitialized    -o CMakeFiles/cmTC_ab3cc.dir/CheckIncludeFile.cxx.o -c /home/pi/inference_engine_vpu_arm/deployment_tools/inference_engine/samples/build/CMakeFiles/CMakeTmp/CheckIncludeFile.cxx
Linking CXX executable cmTC_ab3cc
/usr/bin/cmake -E cmake_link_script CMakeFiles/cmTC_ab3cc.dir/link.txt --verbose=1
/usr/bin/c++   -std=c++11 -march=armv7-a -Werror -Werror=return-type  -Wuninitialized -Winit-self -Wmaybe-uninitialized     CMakeFiles/cmTC_ab3cc.dir/CheckIncludeFile.cxx.o  -o cmTC_ab3cc -rdynamic 
make[1]: Leaving directory '/home/pi/inference_engine_vpu_arm/deployment_tools/inference_engine/samples/build/CMakeFiles/CMakeTmp'


Determining if the include file stddef.h exists passed with the following output:
Change Dir: /home/pi/inference_engine_vpu_arm/deployment_tools/inference_engine/samples/build/CMakeFiles/CMakeTmp

Run Build Command:"/usr/bin/make" "cmTC_66c65/fast"
/usr/bin/make -f CMakeFiles/cmTC_66c65.dir/build.make CMakeFiles/cmTC_66c65.dir/build
make[1]: Entering directory '/home/pi/inference_engine_vpu_arm/deployment_tools/inference_engine/samples/build/CMakeFiles/CMakeTmp'
Building CXX object CMakeFiles/cmTC_66c65.dir/CheckIncludeFile.cxx.o
/usr/bin/c++     -std=c++11 -march=armv7-a -Werror -Werror=return-type  -Wuninitialized -Winit-self -Wmaybe-uninitialized    -o CMakeFiles/cmTC_66c65.dir/CheckIncludeFile.cxx.o -c /home/pi/inference_engine_vpu_arm/deployment_tools/inference_engine/samples/build/CMakeFiles/CMakeTmp/CheckIncludeFile.cxx
Linking CXX executable cmTC_66c65
/usr/bin/cmake -E cmake_link_script CMakeFiles/cmTC_66c65.dir/link.txt --verbose=1
/usr/bin/c++   -std=c++11 -march=armv7-a -Werror -Werror=return-type  -Wuninitialized -Winit-self -Wmaybe-uninitialized     CMakeFiles/cmTC_66c65.dir/CheckIncludeFile.cxx.o  -o cmTC_66c65 -rdynamic 
make[1]: Leaving directory '/home/pi/inference_engine_vpu_arm/deployment_tools/inference_engine/samples/build/CMakeFiles/CMakeTmp'


Determining size of uint32_t passed with the following output:
Change Dir: /home/pi/inference_engine_vpu_arm/deployment_tools/inference_engine/samples/build/CMakeFiles/CMakeTmp

Run Build Command:"/usr/bin/make" "cmTC_d9edd/fast"
/usr/bin/make -f CMakeFiles/cmTC_d9edd.dir/build.make CMakeFiles/cmTC_d9edd.dir/build
make[1]: Entering directory '/home/pi/inference_engine_vpu_arm/deployment_tools/inference_engine/samples/build/CMakeFiles/CMakeTmp'
Building CXX object CMakeFiles/cmTC_d9edd.dir/uint32_t.cpp.o
/usr/bin/c++     -std=c++11 -march=armv7-a -Werror -Werror=return-type  -Wuninitialized -Winit-self -Wmaybe-uninitialized    -o CMakeFiles/cmTC_d9edd.dir/uint32_t.cpp.o -c /home/pi/inference_engine_vpu_arm/deployment_tools/inference_engine/samples/build/CMakeFiles/CheckTypeSize/uint32_t.cpp
Linking CXX executable cmTC_d9edd
/usr/bin/cmake -E cmake_link_script CMakeFiles/cmTC_d9edd.dir/link.txt --verbose=1
/usr/bin/c++   -std=c++11 -march=armv7-a -Werror -Werror=return-type  -Wuninitialized -Winit-self -Wmaybe-uninitialized     CMakeFiles/cmTC_d9edd.dir/uint32_t.cpp.o  -o cmTC_d9edd -rdynamic 
make[1]: Leaving directory '/home/pi/inference_engine_vpu_arm/deployment_tools/inference_engine/samples/build/CMakeFiles/CMakeTmp'


Determining if the strtoll exist passed with the following output:
Change Dir: /home/pi/inference_engine_vpu_arm/deployment_tools/inference_engine/samples/build/CMakeFiles/CMakeTmp

Run Build Command:"/usr/bin/make" "cmTC_d6744/fast"
/usr/bin/make -f CMakeFiles/cmTC_d6744.dir/build.make CMakeFiles/cmTC_d6744.dir/build
make[1]: Entering directory '/home/pi/inference_engine_vpu_arm/deployment_tools/inference_engine/samples/build/CMakeFiles/CMakeTmp'
Building CXX object CMakeFiles/cmTC_d6744.dir/CheckSymbolExists.cxx.o
/usr/bin/c++     -std=c++11 -march=armv7-a -Werror -Werror=return-type  -Wuninitialized -Winit-self -Wmaybe-uninitialized    -o CMakeFiles/cmTC_d6744.dir/CheckSymbolExists.cxx.o -c /home/pi/inference_engine_vpu_arm/deployment_tools/inference_engine/samples/build/CMakeFiles/CMakeTmp/CheckSymbolExists.cxx
Linking CXX executable cmTC_d6744
/usr/bin/cmake -E cmake_link_script CMakeFiles/cmTC_d6744.dir/link.txt --verbose=1
/usr/bin/c++   -std=c++11 -march=armv7-a -Werror -Werror=return-type  -Wuninitialized -Winit-self -Wmaybe-uninitialized     CMakeFiles/cmTC_d6744.dir/CheckSymbolExists.cxx.o  -o cmTC_d6744 -rdynamic 
make[1]: Leaving directory '/home/pi/inference_engine_vpu_arm/deployment_tools/inference_engine/samples/build/CMakeFiles/CMakeTmp'

File /home/pi/inference_engine_vpu_arm/deployment_tools/inference_engine/samples/build/CMakeFiles/CMakeTmp/CheckSymbolExists.cxx:
/* */
#include <stdlib.h>

int main(int argc, char** argv)
{
  (void)argv;
#ifndef strtoll
  return ((int*)(&strtoll))[argc];
#else
  (void)argc;
  return 0;
#endif
}

